<?xml version="1.0" encoding="UTF-8"?>
<!-- Generated by org.testng.reporters.JUnitReportReporter -->
<testsuite hostname="DESKTOP-Q35A4N1" failures="0" tests="1" name="automi.shudokkho.Shbase" time="30.135" errors="0" timestamp="2023-11-22T12:19:14 BDT" skipped="0">
  <testcase classname="automi.shudokkho.Shbase" name="configAppium" time="30.135"/>
</testsuite> <!-- automi.shudokkho.Shbase -->
