<?xml version="1.0" encoding="UTF-8"?>
<!-- Generated by org.testng.reporters.JUnitReportReporter -->
<testsuite hostname="DESKTOP-Q35A4N1" failures="0" tests="1" name="automi.shudokkho.RecordService" time="303.268" errors="0" timestamp="2023-11-28T18:00:01 BDT" skipped="0">
  <testcase classname="automi.shudokkho.RecordService" name="Record" time="303.268"/>
</testsuite> <!-- automi.shudokkho.RecordService -->
