<?xml version="1.0" encoding="UTF-8"?>
<!-- Generated by org.testng.reporters.JUnitReportReporter -->
<testsuite hostname="DESKTOP-Q35A4N1" failures="0" tests="1" name="automi.shudokkho.InstantRecordService" time="49.048" errors="0" timestamp="2023-11-29T17:07:00 BDT" skipped="0">
  <testcase classname="automi.shudokkho.InstantRecordService" name="instant" time="49.048"/>
</testsuite> <!-- automi.shudokkho.InstantRecordService -->
